<?xml version="1.0" encoding="UTF-8"?>
<testng-results ignored="37" total="38" passed="1" failed="0" skipped="0">
  <reporter-output>
  </reporter-output>
  <suite started-at="2022-11-07T08:52:34 IST" name="Default suite" finished-at="2022-11-07T08:53:09 IST" duration-ms="35189">
    <groups>
    </groups>
    <test started-at="2022-11-07T08:52:34 IST" name="Default test" finished-at="2022-11-07T08:53:09 IST" duration-ms="35189">
      <class name="test.BaseClass">
        <test-method is-config="true" signature="setup()[pri:0, instance:test.BaseClass@4c1909a3]" started-at="2022-11-07T08:52:34 IST" name="setup" finished-at="2022-11-07T08:52:47 IST" duration-ms="13570" status="PASS">
          <reporter-output>
          </reporter-output>
        </test-method> <!-- setup -->
        <test-method signature="VerifyInvalidOTP()[pri:0, instance:test.BaseClass@4c1909a3]" started-at="2022-11-07T08:52:48 IST" name="VerifyInvalidOTP" finished-at="2022-11-07T08:53:08 IST" duration-ms="20708" status="PASS">
          <reporter-output>
          </reporter-output>
        </test-method> <!-- VerifyInvalidOTP -->
        <test-method is-config="true" signature="teardown()[pri:0, instance:test.BaseClass@4c1909a3]" started-at="2022-11-07T08:53:08 IST" name="teardown" finished-at="2022-11-07T08:53:09 IST" duration-ms="865" status="PASS">
          <reporter-output>
          </reporter-output>
        </test-method> <!-- teardown -->
      </class> <!-- test.BaseClass -->
    </test> <!-- Default test -->
  </suite> <!-- Default suite -->
</testng-results>
