<?xml version="1.0" encoding="UTF-8"?>
<testng-results ignored="39" total="40" passed="1" failed="0" skipped="0">
  <reporter-output>
  </reporter-output>
  <suite started-at="2022-11-13T12:11:01 IST" name="Default suite" finished-at="2022-11-13T12:14:13 IST" duration-ms="191906">
    <groups>
    </groups>
    <test started-at="2022-11-13T12:11:01 IST" name="Default test" finished-at="2022-11-13T12:14:13 IST" duration-ms="191906">
      <class name="test.BaseClass">
        <test-method is-config="true" signature="setup()[pri:0, instance:test.BaseClass@d9345cd]" started-at="2022-11-13T12:11:01 IST" name="setup" finished-at="2022-11-13T12:11:16 IST" duration-ms="14880" status="PASS">
          <reporter-output>
          </reporter-output>
        </test-method> <!-- setup -->
        <test-method signature="EditTournament()[pri:0, instance:test.BaseClass@d9345cd]" started-at="2022-11-13T12:11:16 IST" name="EditTournament" finished-at="2022-11-13T12:14:12 IST" duration-ms="176361" status="PASS">
          <reporter-output>
          </reporter-output>
        </test-method> <!-- EditTournament -->
        <test-method is-config="true" signature="teardown()[pri:0, instance:test.BaseClass@d9345cd]" started-at="2022-11-13T12:14:12 IST" name="teardown" finished-at="2022-11-13T12:14:13 IST" duration-ms="602" status="PASS">
          <reporter-output>
          </reporter-output>
        </test-method> <!-- teardown -->
      </class> <!-- test.BaseClass -->
    </test> <!-- Default test -->
  </suite> <!-- Default suite -->
</testng-results>
