<?xml version="1.0" encoding="UTF-8"?>
<!-- Generated by org.testng.reporters.JUnitXMLReporter -->
<testsuite ignored="19" hostname="DESKTOP-VET6UUR" failures="0" tests="1" name="Default test" time="113.495" errors="0" timestamp="2022-08-21T21:49:34 IST">
  <testcase classname="test.BaseClass" name="AddPlayersInTeamFieldValidations" time="89.4"/>
  <testcase classname="test.BaseClass" name="internetOffTest" time="0.0">
    <ignored/>
  </testcase> <!-- internetOffTest -->
  <testcase classname="test.BaseClass" name="ContinueAsGuest" time="0.0">
    <ignored/>
  </testcase> <!-- ContinueAsGuest -->
  <testcase classname="test.BaseClass" name="EditPlayersInTeamFieldValidations" time="0.0">
    <ignored/>
  </testcase> <!-- EditPlayersInTeamFieldValidations -->
  <testcase classname="test.BaseClass" name="CreateTournamentFieldsIconValidation" time="0.0">
    <ignored/>
  </testcase> <!-- CreateTournamentFieldsIconValidation -->
  <testcase classname="test.BaseClass" name="EditTeam" time="0.0">
    <ignored/>
  </testcase> <!-- EditTeam -->
  <testcase classname="test.BaseClass" name="CreateMatch" time="0.0">
    <ignored/>
  </testcase> <!-- CreateMatch -->
  <testcase classname="test.BaseClass" name="EditTournament" time="0.0">
    <ignored/>
  </testcase> <!-- EditTournament -->
  <testcase classname="test.BaseClass" name="createTeam" time="0.0">
    <ignored/>
  </testcase> <!-- createTeam -->
  <testcase classname="test.BaseClass" name="EditTeamValidations" time="0.0">
    <ignored/>
  </testcase> <!-- EditTeamValidations -->
  <testcase classname="test.BaseClass" name="CreateTeamPaeValidation" time="0.0">
    <ignored/>
  </testcase> <!-- CreateTeamPaeValidation -->
  <testcase classname="test.BaseClass" name="EditTournamentFieldsIconValidation" time="0.0">
    <ignored/>
  </testcase> <!-- EditTournamentFieldsIconValidation -->
  <testcase classname="test.BaseClass" name="VerifyCountryDropdown" time="0.0">
    <ignored/>
  </testcase> <!-- VerifyCountryDropdown -->
  <testcase classname="test.BaseClass" name="EditTournamentMandatoryValiadtion" time="0.0">
    <ignored/>
  </testcase> <!-- EditTournamentMandatoryValiadtion -->
  <testcase classname="test.BaseClass" name="VerifyMobileNumber" time="0.0">
    <ignored/>
  </testcase> <!-- VerifyMobileNumber -->
  <testcase classname="test.BaseClass" name="CreateTournamentMandatoryFieldsValidation" time="0.0">
    <ignored/>
  </testcase> <!-- CreateTournamentMandatoryFieldsValidation -->
  <testcase classname="test.BaseClass" name="CreateTournamentVerifyFieldSMaximumLengthValidation" time="0.0">
    <ignored/>
  </testcase> <!-- CreateTournamentVerifyFieldSMaximumLengthValidation -->
  <testcase classname="test.BaseClass" name="AddPlayersInTeam" time="0.0">
    <ignored/>
  </testcase> <!-- AddPlayersInTeam -->
  <testcase classname="test.BaseClass" name="CreateTournament" time="0.0">
    <ignored/>
  </testcase> <!-- CreateTournament -->
  <testcase classname="test.BaseClass" name="EditPlayersInTeam" time="0.0">
    <ignored/>
  </testcase> <!-- EditPlayersInTeam -->
</testsuite> <!-- Default test -->
